#
# A fatal error has been detected by the Java Runtime Environment:
#
#  SIGSEGV (0xb) at pc=0x0000000104af3cdb, pid=54903, tid=0x000000000000739f
#
# JRE version: OpenJDK Runtime Environment (8.0_112-b06) (build 1.8.0_112-release-b06)
# Java VM: OpenJDK 64-Bit Server VM (25.112-b06 mixed mode bsd-amd64 compressed oops)
# Problematic frame:
# V  [libjvm.dylib+0x2f3cdb]  jni_SetStaticIntField+0xa0
#
# Failed to write core dump. Core dumps have been disabled. To enable core dumping, try "ulimit -c unlimited" before starting Java again
#
# If you would like to submit a bug report, please visit:
#   http://bugreport.java.com/bugreport/crash.jsp
#

---------------  T H R E A D  ---------------

Current thread (0x00007fc01dcee800):  JavaThread "Daemon worker Thread 29" [_thread_in_vm, id=29599, stack(0x0000700003219000,0x0000700003319000)]

siginfo: si_signo: 11 (SIGSEGV), si_code: 1 (SEGV_MAPERR), si_addr: 0x0000000000000010

Registers:
RAX=0x00000001050879a0, RBX=0x0000000000000000, RCX=0x0000000000000000, RDX=0x0000000000000000
RSP=0x0000700003312c60, RBP=0x0000700003312cd0, RSI=0x0000700003312d70, RDI=0x00007fc01dcee9e0
R8 =0x00007fffcdd6e650, R9 =0x00007fffcdd30a50, R10=0x0000000000000007, R11=0x00007fbf17256d0a
R12=0x00007fc01dcee9e0, R13=0x00007fc01dcee800, R14=0x0000000000000000, R15=0x0000700003312d70
RIP=0x0000000104af3cdb, EFLAGS=0x0000000000010246, ERR=0x0000000000000004
  TRAPNO=0x000000000000000e

Top of Stack: (sp=0x0000700003312c60)
0x0000700003312c60:   0000000122c29128 00007fc01dcee800
0x0000700003312c70:   00007fc01dcee800 00007fc01dcee800
0x0000700003312c80:   00007fc01dd8d838 0000000100000b8b
0x0000700003312c90:   0000000104dc57b9 00007fc01dcee800
0x0000700003312ca0:   00007fc01dcee800 00007fc01dcee9e0
0x0000700003312cb0:   0000000104af3c3b 0000000122c29540
0x0000700003312cc0:   0000700003312d70 000000010caf0e39
0x0000700003312cd0:   0000700003312d10 000000010caeff98
0x0000700003312ce0:   000000010caefe90 0000000122c29548
0x0000700003312cf0:   0000000000000000 0000000122c29540
0x0000700003312d00:   0000700003312d78 00007fc01dcee800
0x0000700003312d10:   0000700003312d60 000000011030c734
0x0000700003312d20:   0000700003312d20 0000000122c29540
0x0000700003312d30:   0000700003312d78 0000000122c29760
0x0000700003312d40:   0000000000000000 0000000122c29548
0x0000700003312d50:   0000000000000000 0000700003312d80
0x0000700003312d60:   0000700003312dc0 00000001102fcffd
0x0000700003312d70:   00000007a5e3afc8 0000000110306278
0x0000700003312d80:   0000700003312d80 0000000122c296c4
0x0000700003312d90:   0000700003312dc8 0000000122c29760
0x0000700003312da0:   0000000000000000 0000000122c296d0
0x0000700003312db0:   0000700003312d80 0000700003312dd0
0x0000700003312dc0:   0000700003312e30 00000001102f54e7
0x0000700003312dd0:   0000000100001fa0 000000000000000a
0x0000700003312de0:   00007fc01dcee800 0000000000000000
0x0000700003312df0:   00000001102f545f 0000000122c296d0
0x0000700003312e00:   0000700003312ec8 0000700003313000
0x0000700003312e10:   00007fc00000000a 0000000122c296d0
0x0000700003312e20:   00000001103079c0 0000700003313010
0x0000700003312e30:   0000700003312fe0 0000000104adf89a
0x0000700003312e40:   0000700000000000 00007fc01dcee800
0x0000700003312e50:   0000700003312e70 0000700003313000 

Instructions: (pc=0x0000000104af3cdb)
0x0000000104af3cbb:   45 a0 48 89 44 24 08 c7 04 24 49 00 00 00 31 f6
0x0000000104af3ccb:   41 b9 01 00 00 00 31 d2 4d 89 f0 e8 eb 47 07 00
0x0000000104af3cdb:   49 63 46 10 49 8b 0e 48 8b 49 68 89 1c 01 90 0f
0x0000000104af3ceb:   1f 40 00 48 83 7d b0 00 74 09 48 8d 7d a8 e8 6e 

Register to memory mapping:

RAX=0x00000001050879a0: _ZN11JvmtiExport31_should_post_field_modificationE+0 in /Applications/Android Studio.app/Contents/jre/jdk/Contents/Home/jre/lib/server/libjvm.dylib at 0x0000000104800000
RBX=0x0000000000000000 is an unknown value
RCX=0x0000000000000000 is an unknown value
RDX=0x0000000000000000 is an unknown value
RSP=0x0000700003312c60 is pointing into the stack for thread: 0x00007fc01dcee800
RBP=0x0000700003312cd0 is pointing into the stack for thread: 0x00007fc01dcee800
RSI=0x0000700003312d70 is pointing into the stack for thread: 0x00007fc01dcee800
RDI=0x00007fc01dcee9e0 is an unknown value
R8 =0x00007fffcdd6e650: __vfprintf.xdigs_lower+0 in /usr/lib/system/libsystem_c.dylib at 0x00007fffcdce6000
R9 =0x00007fffcdd30a50: __vfprintf+0x4699 in /usr/lib/system/libsystem_c.dylib at 0x00007fffcdce6000
R10=0x0000000000000007 is an unknown value
R11=0x00007fbf17256d0a is an unknown value
R12=0x00007fc01dcee9e0 is an unknown value
R13=0x00007fc01dcee800 is a thread
R14=0x0000000000000000 is an unknown value
R15=0x0000700003312d70 is pointing into the stack for thread: 0x00007fc01dcee800


Stack: [0x0000700003219000,0x0000700003319000],  sp=0x0000700003312c60,  free space=999k
Native frames: (J=compiled Java code, j=interpreted, Vv=VM code, C=native code)
V  [libjvm.dylib+0x2f3cdb]  jni_SetStaticIntField+0xa0
C  [libjansi.jnilib+0xf98]  Java_org_fusesource_jansi_internal_CLibrary_init+0x108
j  org.fusesource.jansi.internal.CLibrary.init()V+0
j  org.fusesource.jansi.internal.CLibrary.<clinit>()V+20
v  ~StubRoutines::call_stub
V  [libjvm.dylib+0x2df89a]  JavaCalls::call_helper(JavaValue*, methodHandle*, JavaCallArguments*, Thread*)+0x6ae
V  [libjvm.dylib+0x2b2961]  InstanceKlass::call_class_initializer_impl(instanceKlassHandle, Thread*)+0xbf
V  [libjvm.dylib+0x2b3e69]  InstanceKlass::initialize_impl(instanceKlassHandle, Thread*)+0x4b5
V  [libjvm.dylib+0x2b40ff]  InstanceKlass::initialize(Thread*)+0x3d
V  [libjvm.dylib+0x39d1c6]  LinkResolver::resolve_field(fieldDescriptor&, KlassHandle, Symbol*, Symbol*, KlassHandle, Bytecodes::Code, bool, bool, Thread*)+0x31a
V  [libjvm.dylib+0x39f7ab]  LinkResolver::resolve_field_access(fieldDescriptor&, constantPoolHandle, int, Bytecodes::Code, Thread*)+0x101
V  [libjvm.dylib+0x2daaff]  InterpreterRuntime::resolve_get_put(JavaThread*, Bytecodes::Code)+0x119
j  org.jetbrains.kotlin.cli.common.messages.PlainTextMessageRenderer.<clinit>()V+21
v  ~StubRoutines::call_stub
V  [libjvm.dylib+0x2df89a]  JavaCalls::call_helper(JavaValue*, methodHandle*, JavaCallArguments*, Thread*)+0x6ae
V  [libjvm.dylib+0x2b2961]  InstanceKlass::call_class_initializer_impl(instanceKlassHandle, Thread*)+0xbf
V  [libjvm.dylib+0x2b3e69]  InstanceKlass::initialize_impl(instanceKlassHandle, Thread*)+0x4b5
V  [libjvm.dylib+0x2b40ff]  InstanceKlass::initialize(Thread*)+0x3d
V  [libjvm.dylib+0x2b3ca7]  InstanceKlass::initialize_impl(instanceKlassHandle, Thread*)+0x2f3
V  [libjvm.dylib+0x2b40ff]  InstanceKlass::initialize(Thread*)+0x3d
V  [libjvm.dylib+0x2db664]  InterpreterRuntime::_new(JavaThread*, ConstantPool*, int)+0x5e
j  org.jetbrains.kotlin.cli.common.messages.MessageRenderer.<clinit>()V+10
v  ~StubRoutines::call_stub
V  [libjvm.dylib+0x2df89a]  JavaCalls::call_helper(JavaValue*, methodHandle*, JavaCallArguments*, Thread*)+0x6ae
V  [libjvm.dylib+0x2b2961]  InstanceKlass::call_class_initializer_impl(instanceKlassHandle, Thread*)+0xbf
V  [libjvm.dylib+0x2b3e69]  InstanceKlass::initialize_impl(instanceKlassHandle, Thread*)+0x4b5
V  [libjvm.dylib+0x2b40ff]  InstanceKlass::initialize(Thread*)+0x3d
V  [libjvm.dylib+0x39d1c6]  LinkResolver::resolve_field(fieldDescriptor&, KlassHandle, Symbol*, Symbol*, KlassHandle, Bytecodes::Code, bool, bool, Thread*)+0x31a
V  [libjvm.dylib+0x39f7ab]  LinkResolver::resolve_field_access(fieldDescriptor&, constantPoolHandle, int, Bytecodes::Code, Thread*)+0x101
V  [libjvm.dylib+0x2daaff]  InterpreterRuntime::resolve_get_put(JavaThread*, Bytecodes::Code)+0x119
j  org.jetbrains.kotlin.compilerRunner.GradleCompilerRunner$loggingMessageCollector$2$1.<init>(Lorg/jetbrains/kotlin/compilerRunner/GradleCompilerRunner$loggingMessageCollector$2;)V+10
j  org.jetbrains.kotlin.compilerRunner.GradleCompilerRunner$loggingMessageCollector$2.invoke()Lorg/jetbrains/kotlin/compilerRunner/GradleCompilerRunner$loggingMessageCollector$2$1;+5
j  org.jetbrains.kotlin.compilerRunner.GradleCompilerRunner$loggingMessageCollector$2.invoke()Ljava/lang/Object;+1
j  kotlin.SynchronizedLazyImpl.getValue()Ljava/lang/Object;+57
j  org.jetbrains.kotlin.compilerRunner.GradleCompilerRunner.getLoggingMessageCollector()Lorg/jetbrains/kotlin/cli/common/messages/MessageCollector;+14
j  org.jetbrains.kotlin.compilerRunner.GradleCompilerRunner.compileOutOfProcess([Ljava/lang/String;Ljava/lang/String;Lorg/jetbrains/kotlin/compilerRunner/GradleCompilerEnvironment;)Lorg/jetbrains/kotlin/cli/common/ExitCode;+238
j  org.jetbrains.kotlin.compilerRunner.GradleCompilerRunner.compileWithDaemonOrFallback(Ljava/lang/String;Lorg/jetbrains/kotlin/cli/common/arguments/CommonCompilerArguments;Lorg/jetbrains/kotlin/compilerRunner/GradleCompilerEnvironment;)Lorg/jetbrains/kotlin/cli/common/ExitCode;+584
j  org.jetbrains.kotlin.compilerRunner.GradleCompilerRunner.compileWithDaemonOrFallback(Ljava/lang/String;Lorg/jetbrains/kotlin/cli/common/arguments/CommonCompilerArguments;Lorg/jetbrains/kotlin/compilerRunner/CompilerEnvironment;)Lorg/jetbrains/kotlin/cli/common/ExitCode;+7
j  org.jetbrains.kotlin.compilerRunner.KotlinCompilerRunner.runCompiler(Ljava/lang/String;Lorg/jetbrains/kotlin/cli/common/arguments/CommonCompilerArguments;Lorg/jetbrains/kotlin/compilerRunner/CompilerEnvironment;)Lorg/jetbrains/kotlin/cli/common/ExitCode;+25
j  org.jetbrains.kotlin.compilerRunner.GradleCompilerRunner.runJvmCompiler(Ljava/util/List;Ljava/lang/Iterable;Lorg/jetbrains/kotlin/cli/common/arguments/K2JVMCompilerArguments;Lorg/jetbrains/kotlin/compilerRunner/GradleCompilerEnvironment;)Lorg/jetbrains/kotlin/cli/common/ExitCode;+234
j  org.jetbrains.kotlin.gradle.tasks.KotlinCompile.callCompiler$kotlin_gradle_plugin(Lorg/jetbrains/kotlin/cli/common/arguments/K2JVMCompilerArguments;Lorg/jetbrains/kotlin/gradle/tasks/SourceRoots;Lorg/jetbrains/kotlin/incremental/ChangedFiles;)V+291
j  org.jetbrains.kotlin.gradle.tasks.KotlinCompile.callCompiler$kotlin_gradle_plugin(Lorg/jetbrains/kotlin/cli/common/arguments/CommonCompilerArguments;Lorg/jetbrains/kotlin/gradle/tasks/SourceRoots;Lorg/jetbrains/kotlin/incremental/ChangedFiles;)V+7
j  org.jetbrains.kotlin.gradle.tasks.AbstractKotlinCompile.execute(Lorg/gradle/api/tasks/incremental/IncrementalTaskInputs;)V+189
v  ~StubRoutines::call_stub
V  [libjvm.dylib+0x2df89a]  JavaCalls::call_helper(JavaValue*, methodHandle*, JavaCallArguments*, Thread*)+0x6ae
V  [libjvm.dylib+0x4a31e8]  Reflection::invoke(instanceKlassHandle, methodHandle, Handle, bool, objArrayHandle, BasicType, objArrayHandle, bool, Thread*)+0xe12
V  [libjvm.dylib+0x4a371c]  Reflection::invoke_method(oopDesc*, Handle, objArrayHandle, Thread*)+0x16c
V  [libjvm.dylib+0x31afd0]  JVM_InvokeMethod+0x166
J 1778  sun.reflect.NativeMethodAccessorImpl.invoke0(Ljava/lang/reflect/Method;Ljava/lang/Object;[Ljava/lang/Object;)Ljava/lang/Object; (0 bytes) @ 0x000000011099cfed [0x000000011099cf00+0xed]
J 11372 C2 sun.reflect.NativeMethodAccessorImpl.invoke(Ljava/lang/Object;[Ljava/lang/Object;)Ljava/lang/Object; (104 bytes) @ 0x0000000110db7074 [0x0000000110db7000+0x74]
J 19658 C2 org.gradle.internal.reflect.JavaMethod.invoke(Ljava/lang/Object;[Ljava/lang/Object;)Ljava/lang/Object; (74 bytes) @ 0x0000000112cfbaf8 [0x0000000112cfba60+0x98]
j  org.gradle.api.internal.project.taskfactory.DefaultTaskClassInfoStore$IncrementalTaskAction.doExecute(Lorg/gradle/api/Task;Ljava/lang/String;)V+35
J 26166 C1 org.gradle.api.internal.project.taskfactory.DefaultTaskClassInfoStore$StandardTaskAction.execute(Lorg/gradle/api/Task;)V (56 bytes) @ 0x0000000112dec51c [0x0000000112deae20+0x16fc]
J 26165 C1 org.gradle.api.internal.project.taskfactory.DefaultTaskClassInfoStore$StandardTaskAction.execute(Ljava/lang/Object;)V (9 bytes) @ 0x000000011373b7f4 [0x000000011373b600+0x1f4]
J 19266 C1 org.gradle.api.internal.tasks.execution.ExecuteActionsTaskExecuter.executeAction(Lorg/gradle/api/internal/TaskInternal;Lorg/gradle/api/internal/tasks/ContextAwareTaskAction;Lorg/gradle/api/internal/tasks/TaskExecutionContext;)V (37 bytes) @ 0x0000000112f93084 [0x0000000112f92ec0+0x1c4]
J 27786 C1 org.gradle.api.internal.tasks.execution.ExecuteActionsTaskExecuter.executeActions(Lorg/gradle/api/internal/TaskInternal;Lorg/gradle/api/internal/tasks/TaskStateInternal;Lorg/gradle/api/internal/tasks/TaskExecutionContext;)Lorg/gradle/api/GradleException; (212 bytes) @ 0x0000000111522bf4 [0x0000000111521b40+0x10b4]
J 23072 C1 org.gradle.api.internal.tasks.execution.ExecuteActionsTaskExecuter.execute(Lorg/gradle/api/internal/TaskInternal;Lorg/gradle/api/internal/tasks/TaskStateInternal;Lorg/gradle/api/internal/tasks/TaskExecutionContext;)V (120 bytes) @ 0x00000001119b89c4 [0x00000001119b8260+0x764]
J 23392 C1 org.gradle.api.internal.tasks.execution.SkipUpToDateTaskExecuter.execute(Lorg/gradle/api/internal/TaskInternal;Lorg/gradle/api/internal/tasks/TaskStateInternal;Lorg/gradle/api/internal/tasks/TaskExecutionContext;)V (213 bytes) @ 0x000000011413dc04 [0x000000011413b860+0x23a4]
J 21933 C1 org.gradle.api.internal.tasks.execution.ValidatingTaskExecuter.execute(Lorg/gradle/api/internal/TaskInternal;Lorg/gradle/api/internal/tasks/TaskStateInternal;Lorg/gradle/api/internal/tasks/TaskExecutionContext;)V (221 bytes) @ 0x00000001117d16e4 [0x00000001117ceb60+0x2b84]
J 21914 C1 org.gradle.api.internal.tasks.execution.SkipEmptySourceFilesTaskExecuter.execute(Lorg/gradle/api/internal/TaskInternal;Lorg/gradle/api/internal/tasks/TaskStateInternal;Lorg/gradle/api/internal/tasks/TaskExecutionContext;)V (341 bytes) @ 0x0000000113af5fa4 [0x0000000113af0580+0x5a24]
J 21912 C1 org.gradle.api.internal.tasks.execution.ResolveTaskArtifactStateTaskExecuter.execute(Lorg/gradle/api/internal/TaskInternal;Lorg/gradle/api/internal/tasks/TaskStateInternal;Lorg/gradle/api/internal/tasks/TaskExecutionContext;)V (94 bytes) @ 0x0000000110b1b57c [0x0000000110b1a4a0+0x10dc]
J 26680 C1 org.gradle.api.internal.tasks.execution.SkipTaskWithNoActionsExecuter.execute(Lorg/gradle/api/internal/TaskInternal;Lorg/gradle/api/internal/tasks/TaskStateInternal;Lorg/gradle/api/internal/tasks/TaskExecutionContext;)V (125 bytes) @ 0x00000001119201ec [0x000000011191ec40+0x15ac]
J 26677 C1 org.gradle.api.internal.tasks.execution.SkipOnlyIfTaskExecuter.execute(Lorg/gradle/api/internal/TaskInternal;Lorg/gradle/api/internal/tasks/TaskStateInternal;Lorg/gradle/api/internal/tasks/TaskExecutionContext;)V (91 bytes) @ 0x00000001134258ec [0x00000001134244e0+0x140c]
J 26676 C1 org.gradle.api.internal.tasks.execution.ExecuteAtMostOnceTaskExecuter.execute(Lorg/gradle/api/internal/TaskInternal;Lorg/gradle/api/internal/tasks/TaskStateInternal;Lorg/gradle/api/internal/tasks/TaskExecutionContext;)V (62 bytes) @ 0x00000001134278ec [0x0000000113427080+0x86c]
J 26675 C1 org.gradle.api.internal.tasks.execution.CatchExceptionTaskExecuter.execute(Lorg/gradle/api/internal/TaskInternal;Lorg/gradle/api/internal/tasks/TaskStateInternal;Lorg/gradle/api/internal/tasks/TaskExecutionContext;)V (24 bytes) @ 0x0000000113432b74 [0x0000000113432a60+0x114]
J 25872 C1 org.gradle.execution.taskgraph.DefaultTaskGraphExecuter$EventFiringTaskWorker$1.execute(Lorg/gradle/internal/operations/BuildOperationContext;)V (181 bytes) @ 0x0000000111062b74 [0x0000000111062120+0xa54]
J 24790 C1 org.gradle.execution.taskgraph.DefaultTaskGraphExecuter$EventFiringTaskWorker$1.execute(Ljava/lang/Object;)V (9 bytes) @ 0x0000000111271ec4 [0x0000000111271d40+0x184]
J 12372 C1 org.gradle.internal.Transformers$4.transform(Ljava/lang/Object;)Ljava/lang/Object; (12 bytes) @ 0x00000001126ad08c [0x00000001126acf80+0x10c]
J 21619 C1 org.gradle.internal.progress.DefaultBuildOperationExecutor.run(Lorg/gradle/internal/progress/BuildOperationDetails;Lorg/gradle/api/Transformer;)Ljava/lang/Object; (477 bytes) @ 0x0000000111e7887c [0x0000000111e76500+0x237c]
J 24860 C1 org.gradle.execution.taskgraph.DefaultTaskGraphExecuter$EventFiringTaskWorker.execute(Lorg/gradle/api/internal/TaskInternal;)V (86 bytes) @ 0x0000000114619794 [0x00000001146186a0+0x10f4]
J 22778 C1 org.gradle.execution.taskgraph.DefaultTaskGraphExecuter$EventFiringTaskWorker.execute(Ljava/lang/Object;)V (9 bytes) @ 0x0000000113f82104 [0x0000000113f81f80+0x184]
J 22777 C1 org.gradle.execution.taskgraph.AbstractTaskPlanExecutor$TaskExecutorWorker.processTask(Lorg/gradle/execution/taskgraph/TaskInfo;)V (59 bytes) @ 0x0000000113f816ec [0x0000000113f815a0+0x14c]
j  org.gradle.execution.taskgraph.AbstractTaskPlanExecutor$TaskExecutorWorker.run()V+74
j  org.gradle.execution.taskgraph.DefaultTaskPlanExecutor.process(Lorg/gradle/execution/taskgraph/TaskExecutionPlan;Lorg/gradle/api/Action;)V+10
j  org.gradle.execution.taskgraph.DefaultTaskGraphExecuter.execute()V+61
j  org.gradle.execution.SelectedTaskExecutionAction.execute(Lorg/gradle/execution/BuildExecutionContext;)V+55
j  org.gradle.execution.DefaultBuildExecuter.execute(Lorg/gradle/api/internal/GradleInternal;I)V+37
j  org.gradle.execution.DefaultBuildExecuter.access$000(Lorg/gradle/execution/DefaultBuildExecuter;Lorg/gradle/api/internal/GradleInternal;I)V+3
j  org.gradle.execution.DefaultBuildExecuter$1.proceed()V+14
j  org.gradle.execution.DryRunBuildExecutionAction.execute(Lorg/gradle/execution/BuildExecutionContext;)V+68
j  org.gradle.execution.DefaultBuildExecuter.execute(Lorg/gradle/api/internal/GradleInternal;I)V+37
j  org.gradle.execution.DefaultBuildExecuter.execute(Lorg/gradle/api/internal/GradleInternal;)V+3
j  org.gradle.initialization.DefaultGradleLauncher$3.execute(Lorg/gradle/internal/operations/BuildOperationContext;)V+14
j  org.gradle.initialization.DefaultGradleLauncher$3.execute(Ljava/lang/Object;)V+5
J 12372 C1 org.gradle.internal.Transformers$4.transform(Ljava/lang/Object;)Ljava/lang/Object; (12 bytes) @ 0x00000001126ad08c [0x00000001126acf80+0x10c]
J 21619 C1 org.gradle.internal.progress.DefaultBuildOperationExecutor.run(Lorg/gradle/internal/progress/BuildOperationDetails;Lorg/gradle/api/Transformer;)Ljava/lang/Object; (477 bytes) @ 0x0000000111e7887c [0x0000000111e76500+0x237c]
j  org.gradle.internal.progress.DefaultBuildOperationExecutor.run(Ljava/lang/String;Lorg/gradle/api/Action;)V+12
j  org.gradle.initialization.DefaultGradleLauncher.doBuildStages(Lorg/gradle/initialization/DefaultGradleLauncher$Stage;)V+154
j  org.gradle.initialization.DefaultGradleLauncher.doBuild(Lorg/gradle/initialization/DefaultGradleLauncher$Stage;)Lorg/gradle/BuildResult;+17
j  org.gradle.initialization.DefaultGradleLauncher.run()Lorg/gradle/BuildResult;+4
j  org.gradle.launcher.exec.GradleBuildController.run()Lorg/gradle/api/internal/GradleInternal;+4
j  org.gradle.tooling.internal.provider.runner.BuildModelActionRunner.run(Lorg/gradle/internal/invocation/BuildAction;Lorg/gradle/internal/invocation/BuildController;)V+48
j  org.gradle.launcher.exec.ChainingBuildActionRunner.run(Lorg/gradle/internal/invocation/BuildAction;Lorg/gradle/internal/invocation/BuildController;)V+34
j  org.gradle.tooling.internal.provider.runner.RunAsBuildOperationBuildActionRunner$1.execute(Lorg/gradle/internal/operations/BuildOperationContext;)V+15
j  org.gradle.tooling.internal.provider.runner.RunAsBuildOperationBuildActionRunner$1.execute(Ljava/lang/Object;)V+5
J 12372 C1 org.gradle.internal.Transformers$4.transform(Ljava/lang/Object;)Ljava/lang/Object; (12 bytes) @ 0x00000001126ad08c [0x00000001126acf80+0x10c]
J 21619 C1 org.gradle.internal.progress.DefaultBuildOperationExecutor.run(Lorg/gradle/internal/progress/BuildOperationDetails;Lorg/gradle/api/Transformer;)Ljava/lang/Object; (477 bytes) @ 0x0000000111e7887c [0x0000000111e76500+0x237c]
j  org.gradle.internal.progress.DefaultBuildOperationExecutor.run(Ljava/lang/String;Lorg/gradle/api/Action;)V+12
j  org.gradle.tooling.internal.provider.runner.RunAsBuildOperationBuildActionRunner.run(Lorg/gradle/internal/invocation/BuildAction;Lorg/gradle/internal/invocation/BuildController;)V+16
j  org.gradle.tooling.internal.provider.runner.SubscribableBuildActionRunner.run(Lorg/gradle/internal/invocation/BuildAction;Lorg/gradle/internal/invocation/BuildController;)V+38
...<more frames>...

Java frames: (J=compiled Java code, j=interpreted, Vv=VM code)
j  org.fusesource.jansi.internal.CLibrary.init()V+0
j  org.fusesource.jansi.internal.CLibrary.<clinit>()V+20
v  ~StubRoutines::call_stub
j  org.jetbrains.kotlin.cli.common.messages.PlainTextMessageRenderer.<clinit>()V+21
v  ~StubRoutines::call_stub
j  org.jetbrains.kotlin.cli.common.messages.MessageRenderer.<clinit>()V+10
v  ~StubRoutines::call_stub
j  org.jetbrains.kotlin.compilerRunner.GradleCompilerRunner$loggingMessageCollector$2$1.<init>(Lorg/jetbrains/kotlin/compilerRunner/GradleCompilerRunner$loggingMessageCollector$2;)V+10
j  org.jetbrains.kotlin.compilerRunner.GradleCompilerRunner$loggingMessageCollector$2.invoke()Lorg/jetbrains/kotlin/compilerRunner/GradleCompilerRunner$loggingMessageCollector$2$1;+5
j  org.jetbrains.kotlin.compilerRunner.GradleCompilerRunner$loggingMessageCollector$2.invoke()Ljava/lang/Object;+1
j  kotlin.SynchronizedLazyImpl.getValue()Ljava/lang/Object;+57
j  org.jetbrains.kotlin.compilerRunner.GradleCompilerRunner.getLoggingMessageCollector()Lorg/jetbrains/kotlin/cli/common/messages/MessageCollector;+14
j  org.jetbrains.kotlin.compilerRunner.GradleCompilerRunner.compileOutOfProcess([Ljava/lang/String;Ljava/lang/String;Lorg/jetbrains/kotlin/compilerRunner/GradleCompilerEnvironment;)Lorg/jetbrains/kotlin/cli/common/ExitCode;+238
j  org.jetbrains.kotlin.compilerRunner.GradleCompilerRunner.compileWithDaemonOrFallback(Ljava/lang/String;Lorg/jetbrains/kotlin/cli/common/arguments/CommonCompilerArguments;Lorg/jetbrains/kotlin/compilerRunner/GradleCompilerEnvironment;)Lorg/jetbrains/kotlin/cli/common/ExitCode;+584
j  org.jetbrains.kotlin.compilerRunner.GradleCompilerRunner.compileWithDaemonOrFallback(Ljava/lang/String;Lorg/jetbrains/kotlin/cli/common/arguments/CommonCompilerArguments;Lorg/jetbrains/kotlin/compilerRunner/CompilerEnvironment;)Lorg/jetbrains/kotlin/cli/common/ExitCode;+7
j  org.jetbrains.kotlin.compilerRunner.KotlinCompilerRunner.runCompiler(Ljava/lang/String;Lorg/jetbrains/kotlin/cli/common/arguments/CommonCompilerArguments;Lorg/jetbrains/kotlin/compilerRunner/CompilerEnvironment;)Lorg/jetbrains/kotlin/cli/common/ExitCode;+25
j  org.jetbrains.kotlin.compilerRunner.GradleCompilerRunner.runJvmCompiler(Ljava/util/List;Ljava/lang/Iterable;Lorg/jetbrains/kotlin/cli/common/arguments/K2JVMCompilerArguments;Lorg/jetbrains/kotlin/compilerRunner/GradleCompilerEnvironment;)Lorg/jetbrains/kotlin/cli/common/ExitCode;+234
j  org.jetbrains.kotlin.gradle.tasks.KotlinCompile.callCompiler$kotlin_gradle_plugin(Lorg/jetbrains/kotlin/cli/common/arguments/K2JVMCompilerArguments;Lorg/jetbrains/kotlin/gradle/tasks/SourceRoots;Lorg/jetbrains/kotlin/incremental/ChangedFiles;)V+291
j  org.jetbrains.kotlin.gradle.tasks.KotlinCompile.callCompiler$kotlin_gradle_plugin(Lorg/jetbrains/kotlin/cli/common/arguments/CommonCompilerArguments;Lorg/jetbrains/kotlin/gradle/tasks/SourceRoots;Lorg/jetbrains/kotlin/incremental/ChangedFiles;)V+7
j  org.jetbrains.kotlin.gradle.tasks.AbstractKotlinCompile.execute(Lorg/gradle/api/tasks/incremental/IncrementalTaskInputs;)V+189
v  ~StubRoutines::call_stub
J 1778  sun.reflect.NativeMethodAccessorImpl.invoke0(Ljava/lang/reflect/Method;Ljava/lang/Object;[Ljava/lang/Object;)Ljava/lang/Object; (0 bytes) @ 0x000000011099cf77 [0x000000011099cf00+0x77]
J 11372 C2 sun.reflect.NativeMethodAccessorImpl.invoke(Ljava/lang/Object;[Ljava/lang/Object;)Ljava/lang/Object; (104 bytes) @ 0x0000000110db7074 [0x0000000110db7000+0x74]
J 19658 C2 org.gradle.internal.reflect.JavaMethod.invoke(Ljava/lang/Object;[Ljava/lang/Object;)Ljava/lang/Object; (74 bytes) @ 0x0000000112cfbaf8 [0x0000000112cfba60+0x98]
j  org.gradle.api.internal.project.taskfactory.DefaultTaskClassInfoStore$IncrementalTaskAction.doExecute(Lorg/gradle/api/Task;Ljava/lang/String;)V+35
J 26166 C1 org.gradle.api.internal.project.taskfactory.DefaultTaskClassInfoStore$StandardTaskAction.execute(Lorg/gradle/api/Task;)V (56 bytes) @ 0x0000000112dec51c [0x0000000112deae20+0x16fc]
J 26165 C1 org.gradle.api.internal.project.taskfactory.DefaultTaskClassInfoStore$StandardTaskAction.execute(Ljava/lang/Object;)V (9 bytes) @ 0x000000011373b7f4 [0x000000011373b600+0x1f4]
J 19266 C1 org.gradle.api.internal.tasks.execution.ExecuteActionsTaskExecuter.executeAction(Lorg/gradle/api/internal/TaskInternal;Lorg/gradle/api/internal/tasks/ContextAwareTaskAction;Lorg/gradle/api/internal/tasks/TaskExecutionContext;)V (37 bytes) @ 0x0000000112f93084 [0x0000000112f92ec0+0x1c4]
J 27786 C1 org.gradle.api.internal.tasks.execution.ExecuteActionsTaskExecuter.executeActions(Lorg/gradle/api/internal/TaskInternal;Lorg/gradle/api/internal/tasks/TaskStateInternal;Lorg/gradle/api/internal/tasks/TaskExecutionContext;)Lorg/gradle/api/GradleException; (212 bytes) @ 0x0000000111522bf4 [0x0000000111521b40+0x10b4]
J 23072 C1 org.gradle.api.internal.tasks.execution.ExecuteActionsTaskExecuter.execute(Lorg/gradle/api/internal/TaskInternal;Lorg/gradle/api/internal/tasks/TaskStateInternal;Lorg/gradle/api/internal/tasks/TaskExecutionContext;)V (120 bytes) @ 0x00000001119b89c4 [0x00000001119b8260+0x764]
J 23392 C1 org.gradle.api.internal.tasks.execution.SkipUpToDateTaskExecuter.execute(Lorg/gradle/api/internal/TaskInternal;Lorg/gradle/api/internal/tasks/TaskStateInternal;Lorg/gradle/api/internal/tasks/TaskExecutionContext;)V (213 bytes) @ 0x000000011413dc04 [0x000000011413b860+0x23a4]
J 21933 C1 org.gradle.api.internal.tasks.execution.ValidatingTaskExecuter.execute(Lorg/gradle/api/internal/TaskInternal;Lorg/gradle/api/internal/tasks/TaskStateInternal;Lorg/gradle/api/internal/tasks/TaskExecutionContext;)V (221 bytes) @ 0x00000001117d16e4 [0x00000001117ceb60+0x2b84]
J 21914 C1 org.gradle.api.internal.tasks.execution.SkipEmptySourceFilesTaskExecuter.execute(Lorg/gradle/api/internal/TaskInternal;Lorg/gradle/api/internal/tasks/TaskStateInternal;Lorg/gradle/api/internal/tasks/TaskExecutionContext;)V (341 bytes) @ 0x0000000113af5fa4 [0x0000000113af0580+0x5a24]
J 21912 C1 org.gradle.api.internal.tasks.execution.ResolveTaskArtifactStateTaskExecuter.execute(Lorg/gradle/api/internal/TaskInternal;Lorg/gradle/api/internal/tasks/TaskStateInternal;Lorg/gradle/api/internal/tasks/TaskExecutionContext;)V (94 bytes) @ 0x0000000110b1b57c [0x0000000110b1a4a0+0x10dc]
J 26680 C1 org.gradle.api.internal.tasks.execution.SkipTaskWithNoActionsExecuter.execute(Lorg/gradle/api/internal/TaskInternal;Lorg/gradle/api/internal/tasks/TaskStateInternal;Lorg/gradle/api/internal/tasks/TaskExecutionContext;)V (125 bytes) @ 0x00000001119201ec [0x000000011191ec40+0x15ac]
J 26677 C1 org.gradle.api.internal.tasks.execution.SkipOnlyIfTaskExecuter.execute(Lorg/gradle/api/internal/TaskInternal;Lorg/gradle/api/internal/tasks/TaskStateInternal;Lorg/gradle/api/internal/tasks/TaskExecutionContext;)V (91 bytes) @ 0x00000001134258ec [0x00000001134244e0+0x140c]
J 26676 C1 org.gradle.api.internal.tasks.execution.ExecuteAtMostOnceTaskExecuter.execute(Lorg/gradle/api/internal/TaskInternal;Lorg/gradle/api/internal/tasks/TaskStateInternal;Lorg/gradle/api/internal/tasks/TaskExecutionContext;)V (62 bytes) @ 0x00000001134278ec [0x0000000113427080+0x86c]
J 26675 C1 org.gradle.api.internal.tasks.execution.CatchExceptionTaskExecuter.execute(Lorg/gradle/api/internal/TaskInternal;Lorg/gradle/api/internal/tasks/TaskStateInternal;Lorg/gradle/api/internal/tasks/TaskExecutionContext;)V (24 bytes) @ 0x0000000113432b74 [0x0000000113432a60+0x114]
J 25872 C1 org.gradle.execution.taskgraph.DefaultTaskGraphExecuter$EventFiringTaskWorker$1.execute(Lorg/gradle/internal/operations/BuildOperationContext;)V (181 bytes) @ 0x0000000111062b74 [0x0000000111062120+0xa54]
J 24790 C1 org.gradle.execution.taskgraph.DefaultTaskGraphExecuter$EventFiringTaskWorker$1.execute(Ljava/lang/Object;)V (9 bytes) @ 0x0000000111271ec4 [0x0000000111271d40+0x184]
J 12372 C1 org.gradle.internal.Transformers$4.transform(Ljava/lang/Object;)Ljava/lang/Object; (12 bytes) @ 0x00000001126ad08c [0x00000001126acf80+0x10c]
J 21619 C1 org.gradle.internal.progress.DefaultBuildOperationExecutor.run(Lorg/gradle/internal/progress/BuildOperationDetails;Lorg/gradle/api/Transformer;)Ljava/lang/Object; (477 bytes) @ 0x0000000111e7887c [0x0000000111e76500+0x237c]
J 24860 C1 org.gradle.execution.taskgraph.DefaultTaskGraphExecuter$EventFiringTaskWorker.execute(Lorg/gradle/api/internal/TaskInternal;)V (86 bytes) @ 0x0000000114619794 [0x00000001146186a0+0x10f4]
J 22778 C1 org.gradle.execution.taskgraph.DefaultTaskGraphExecuter$EventFiringTaskWorker.execute(Ljava/lang/Object;)V (9 bytes) @ 0x0000000113f82104 [0x0000000113f81f80+0x184]
J 22777 C1 org.gradle.execution.taskgraph.AbstractTaskPlanExecutor$TaskExecutorWorker.processTask(Lorg/gradle/execution/taskgraph/TaskInfo;)V (59 bytes) @ 0x0000000113f816ec [0x0000000113f815a0+0x14c]
j  org.gradle.execution.taskgraph.AbstractTaskPlanExecutor$TaskExecutorWorker.run()V+74
j  org.gradle.execution.taskgraph.DefaultTaskPlanExecutor.process(Lorg/gradle/execution/taskgraph/TaskExecutionPlan;Lorg/gradle/api/Action;)V+10
j  org.gradle.execution.taskgraph.DefaultTaskGraphExecuter.execute()V+61
j  org.gradle.execution.SelectedTaskExecutionAction.execute(Lorg/gradle/execution/BuildExecutionContext;)V+55
j  org.gradle.execution.DefaultBuildExecuter.execute(Lorg/gradle/api/internal/GradleInternal;I)V+37
j  org.gradle.execution.DefaultBuildExecuter.access$000(Lorg/gradle/execution/DefaultBuildExecuter;Lorg/gradle/api/internal/GradleInternal;I)V+3
j  org.gradle.execution.DefaultBuildExecuter$1.proceed()V+14
j  org.gradle.execution.DryRunBuildExecutionAction.execute(Lorg/gradle/execution/BuildExecutionContext;)V+68
j  org.gradle.execution.DefaultBuildExecuter.execute(Lorg/gradle/api/internal/GradleInternal;I)V+37
j  org.gradle.execution.DefaultBuildExecuter.execute(Lorg/gradle/api/internal/GradleInternal;)V+3
j  org.gradle.initialization.DefaultGradleLauncher$3.execute(Lorg/gradle/internal/operations/BuildOperationContext;)V+14
j  org.gradle.initialization.DefaultGradleLauncher$3.execute(Ljava/lang/Object;)V+5
J 12372 C1 org.gradle.internal.Transformers$4.transform(Ljava/lang/Object;)Ljava/lang/Object; (12 bytes) @ 0x00000001126ad08c [0x00000001126acf80+0x10c]
J 21619 C1 org.gradle.internal.progress.DefaultBuildOperationExecutor.run(Lorg/gradle/internal/progress/BuildOperationDetails;Lorg/gradle/api/Transformer;)Ljava/lang/Object; (477 bytes) @ 0x0000000111e7887c [0x0000000111e76500+0x237c]
j  org.gradle.internal.progress.DefaultBuildOperationExecutor.run(Ljava/lang/String;Lorg/gradle/api/Action;)V+12
j  org.gradle.initialization.DefaultGradleLauncher.doBuildStages(Lorg/gradle/initialization/DefaultGradleLauncher$Stage;)V+154
j  org.gradle.initialization.DefaultGradleLauncher.doBuild(Lorg/gradle/initialization/DefaultGradleLauncher$Stage;)Lorg/gradle/BuildResult;+17
j  org.gradle.initialization.DefaultGradleLauncher.run()Lorg/gradle/BuildResult;+4
j  org.gradle.launcher.exec.GradleBuildController.run()Lorg/gradle/api/internal/GradleInternal;+4
j  org.gradle.tooling.internal.provider.runner.BuildModelActionRunner.run(Lorg/gradle/internal/invocation/BuildAction;Lorg/gradle/internal/invocation/BuildController;)V+48
j  org.gradle.launcher.exec.ChainingBuildActionRunner.run(Lorg/gradle/internal/invocation/BuildAction;Lorg/gradle/internal/invocation/BuildController;)V+34
j  org.gradle.tooling.internal.provider.runner.RunAsBuildOperationBuildActionRunner$1.execute(Lorg/gradle/internal/operations/BuildOperationContext;)V+15
j  org.gradle.tooling.internal.provider.runner.RunAsBuildOperationBuildActionRunner$1.execute(Ljava/lang/Object;)V+5
J 12372 C1 org.gradle.internal.Transformers$4.transform(Ljava/lang/Object;)Ljava/lang/Object; (12 bytes) @ 0x00000001126ad08c [0x00000001126acf80+0x10c]
J 21619 C1 org.gradle.internal.progress.DefaultBuildOperationExecutor.run(Lorg/gradle/internal/progress/BuildOperationDetails;Lorg/gradle/api/Transformer;)Ljava/lang/Object; (477 bytes) @ 0x0000000111e7887c [0x0000000111e76500+0x237c]
j  org.gradle.internal.progress.DefaultBuildOperationExecutor.run(Ljava/lang/String;Lorg/gradle/api/Action;)V+12
j  org.gradle.tooling.internal.provider.runner.RunAsBuildOperationBuildActionRunner.run(Lorg/gradle/internal/invocation/BuildAction;Lorg/gradle/internal/invocation/BuildController;)V+16
j  org.gradle.tooling.internal.provider.runner.SubscribableBuildActionRunner.run(Lorg/gradle/internal/invocation/BuildAction;Lorg/gradle/internal/invocation/BuildController;)V+38
j  org.gradle.launcher.exec.ChainingBuildActionRunner.run(Lorg/gradle/internal/invocation/BuildAction;Lorg/gradle/internal/invocation/BuildController;)V+34
j  org.gradle.launcher.exec.InProcessBuildActionExecuter.execute(Lorg/gradle/internal/invocation/BuildAction;Lorg/gradle/initialization/BuildRequestContext;Lorg/gradle/launcher/exec/BuildActionParameters;Lorg/gradle/internal/service/ServiceRegistry;)Ljava/lang/Object;+64
j  org.gradle.launcher.exec.InProcessBuildActionExecuter.execute(Lorg/gradle/internal/invocation/BuildAction;Lorg/gradle/initialization/BuildRequestContext;Ljava/lang/Object;Lorg/gradle/internal/service/ServiceRegistry;)Ljava/lang/Object;+9
j  org.gradle.tooling.internal.provider.ContinuousBuildActionExecuter.execute(Lorg/gradle/internal/invocation/BuildAction;Lorg/gradle/initialization/BuildRequestContext;Lorg/gradle/launcher/exec/BuildActionParameters;Lorg/gradle/internal/service/ServiceRegistry;)Ljava/lang/Object;+28
j  org.gradle.tooling.internal.provider.ContinuousBuildActionExecuter.execute(Lorg/gradle/internal/invocation/BuildAction;Lorg/gradle/initialization/BuildRequestContext;Ljava/lang/Object;Lorg/gradle/internal/service/ServiceRegistry;)Ljava/lang/Object;+9
j  org.gradle.tooling.internal.provider.ServicesSetupBuildActionExecuter.execute(Lorg/gradle/internal/invocation/BuildAction;Lorg/gradle/initialization/BuildRequestContext;Lorg/gradle/launcher/exec/BuildActionParameters;Lorg/gradle/internal/service/ServiceRegistry;)Ljava/lang/Object;+52
j  org.gradle.tooling.internal.provider.ServicesSetupBuildActionExecuter.execute(Lorg/gradle/internal/invocation/BuildAction;Lorg/gradle/initialization/BuildRequestContext;Ljava/lang/Object;Lorg/gradle/internal/service/ServiceRegistry;)Ljava/lang/Object;+9
j  org.gradle.launcher.daemon.server.exec.ExecuteBuild.doBuild(Lorg/gradle/launcher/daemon/server/api/DaemonCommandExecution;Lorg/gradle/launcher/daemon/protocol/Build;)V+114
j  org.gradle.launcher.daemon.server.exec.BuildCommandOnly.execute(Lorg/gradle/launcher/daemon/server/api/DaemonCommandExecution;)V+49
J 22785 C1 org.gradle.launcher.daemon.server.api.DaemonCommandExecution.proceed()Z (35 bytes) @ 0x0000000113f849fc [0x0000000113f84640+0x3bc]
j  org.gradle.launcher.daemon.server.exec.WatchForDisconnection.execute(Lorg/gradle/launcher/daemon/server/api/DaemonCommandExecution;)V+19
J 22785 C1 org.gradle.launcher.daemon.server.api.DaemonCommandExecution.proceed()Z (35 bytes) @ 0x0000000113f849fc [0x0000000113f84640+0x3bc]
j  org.gradle.launcher.daemon.server.exec.ResetDeprecationLogger.execute(Lorg/gradle/launcher/daemon/server/api/DaemonCommandExecution;)V+4
J 22785 C1 org.gradle.launcher.daemon.server.api.DaemonCommandExecution.proceed()Z (35 bytes) @ 0x0000000113f849fc [0x0000000113f84640+0x3bc]
j  org.gradle.launcher.daemon.server.exec.RequestStopIfSingleUsedDaemon.execute(Lorg/gradle/launcher/daemon/server/api/DaemonCommandExecution;)V+33
J 22785 C1 org.gradle.launcher.daemon.server.api.DaemonCommandExecution.proceed()Z (35 bytes) @ 0x0000000113f849fc [0x0000000113f84640+0x3bc]
j  org.gradle.launcher.daemon.server.exec.ForwardClientInput$2.call()Ljava/lang/Void;+4
j  org.gradle.launcher.daemon.server.exec.ForwardClientInput$2.call()Ljava/lang/Object;+1
j  org.gradle.util.Swapper.swap(Ljava/lang/Object;Ljava/util/concurrent/Callable;)Ljava/lang/Object;+21
j  org.gradle.launcher.daemon.server.exec.ForwardClientInput.execute(Lorg/gradle/launcher/daemon/server/api/DaemonCommandExecution;)V+63
J 22785 C1 org.gradle.launcher.daemon.server.api.DaemonCommandExecution.proceed()Z (35 bytes) @ 0x0000000113f849fc [0x0000000113f84640+0x3bc]
j  org.gradle.launcher.daemon.server.exec.LogAndCheckHealth.execute(Lorg/gradle/launcher/daemon/server/api/DaemonCommandExecution;)V+28
J 22785 C1 org.gradle.launcher.daemon.server.api.DaemonCommandExecution.proceed()Z (35 bytes) @ 0x0000000113f849fc [0x0000000113f84640+0x3bc]
j  org.gradle.launcher.daemon.server.exec.LogToClient.doBuild(Lorg/gradle/launcher/daemon/server/api/DaemonCommandExecution;Lorg/gradle/launcher/daemon/protocol/Build;)V+87
j  org.gradle.launcher.daemon.server.exec.BuildCommandOnly.execute(Lorg/gradle/launcher/daemon/server/api/DaemonCommandExecution;)V+49
J 22785 C1 org.gradle.launcher.daemon.server.api.DaemonCommandExecution.proceed()Z (35 bytes) @ 0x0000000113f849fc [0x0000000113f84640+0x3bc]
j  org.gradle.launcher.daemon.server.exec.EstablishBuildEnvironment.doBuild(Lorg/gradle/launcher/daemon/server/api/DaemonCommandExecution;Lorg/gradle/launcher/daemon/protocol/Build;)V+279
j  org.gradle.launcher.daemon.server.exec.BuildCommandOnly.execute(Lorg/gradle/launcher/daemon/server/api/DaemonCommandExecution;)V+49
J 22785 C1 org.gradle.launcher.daemon.server.api.DaemonCommandExecution.proceed()Z (35 bytes) @ 0x0000000113f849fc [0x0000000113f84640+0x3bc]
j  org.gradle.launcher.daemon.server.exec.StartBuildOrRespondWithBusy$1.run()V+44
j  org.gradle.launcher.daemon.server.DaemonStateCoordinator$1.run()V+4
J 27200 C1 org.gradle.internal.concurrent.StoppableExecutorImpl$1.run()V (59 bytes) @ 0x0000000114bf82a4 [0x0000000114bf7d80+0x524]
J 20406 C1 java.util.concurrent.ThreadPoolExecutor.runWorker(Ljava/util/concurrent/ThreadPoolExecutor$Worker;)V (225 bytes) @ 0x00000001139a5754 [0x00000001139a4720+0x1034]
J 22919 C1 java.util.concurrent.ThreadPoolExecutor$Worker.run()V (9 bytes) @ 0x0000000113f95b84 [0x0000000113f95a80+0x104]
J 21322 C1 java.lang.Thread.run()V (17 bytes) @ 0x00000001111c8684 [0x00000001111c8540+0x144]
v  ~StubRoutines::call_stub

---------------  P R O C E S S  ---------------

Java Threads: ( => current thread )
  0x00007fc01fe1d800 JavaThread "Thread-353" [_thread_in_native, id=22223, stack(0x000070000382b000,0x000070000392b000)]
  0x00007fc01cce7000 JavaThread "process reaper" daemon [_thread_in_native, id=32579, stack(0x0000700003a31000,0x0000700003a59000)]
  0x00007fc01ef17800 JavaThread "Cache update executor" [_thread_blocked, id=23355, stack(0x0000700003522000,0x0000700003622000)]
  0x00007fc01c8ba800 JavaThread "Asynchronous log dispatcher for DefaultDaemonConnection: socket connection from /127.0.0.1:53407 to /127.0.0.1:58133" [_thread_blocked, id=20291, stack(0x000070000331c000,0x000070000341c000)]
=>0x00007fc01dcee800 JavaThread "Daemon worker Thread 29" [_thread_in_vm, id=29599, stack(0x0000700003219000,0x0000700003319000)]
  0x00007fc01ccf4800 JavaThread "Cancel handler" [_thread_blocked, id=37403, stack(0x0000700003116000,0x0000700003216000)]
  0x00007fc01d496800 JavaThread "Handler for socket connection from /127.0.0.1:53407 to /127.0.0.1:58133" [_thread_in_native, id=34999, stack(0x0000700003013000,0x0000700003113000)]
  0x00007fc01f70b800 JavaThread "Daemon Thread 29" [_thread_blocked, id=20571, stack(0x0000700001fe0000,0x00007000020e0000)]
  0x00007fc01f7ca800 JavaThread "pool-21-thread-2" [_thread_blocked, id=25883, stack(0x0000700003e3d000,0x0000700003f3d000)]
  0x00007fc01c1ee000 JavaThread "pool-21-thread-1" [_thread_blocked, id=21023, stack(0x0000700003d3a000,0x0000700003e3a000)]
  0x00007fc01c766800 JavaThread "pool-21-thread-4" [_thread_blocked, id=23839, stack(0x0000700003c37000,0x0000700003d37000)]
  0x00007fc01c762800 JavaThread "pool-21-thread-3" [_thread_blocked, id=31507, stack(0x0000700003b34000,0x0000700003c34000)]
  0x00007fc01d316800 JavaThread "File lock request listener" [_thread_in_native, id=24327, stack(0x0000700003728000,0x0000700003828000)]
  0x00007fc01c693000 JavaThread "pool-1-thread-1" [_thread_blocked, id=22279, stack(0x0000700003625000,0x0000700003725000)]
  0x00007fc01c61c000 JavaThread "Incoming local TCP Connector on port 53407" [_thread_in_native, id=13319, stack(0x0000700002f10000,0x0000700003010000)]
  0x00007fc01d80c000 JavaThread "Service Thread" daemon [_thread_blocked, id=18435, stack(0x0000700002d0a000,0x0000700002e0a000)]
  0x00007fc01c03e000 JavaThread "C1 CompilerThread2" daemon [_thread_blocked, id=17923, stack(0x0000700002c07000,0x0000700002d07000)]
  0x00007fc01c03d000 JavaThread "C2 CompilerThread1" daemon [_thread_blocked, id=17411, stack(0x0000700002b04000,0x0000700002c04000)]
  0x00007fc01c022800 JavaThread "C2 CompilerThread0" daemon [_thread_blocked, id=16899, stack(0x0000700002a01000,0x0000700002b01000)]
  0x00007fc01c859000 JavaThread "Signal Dispatcher" daemon [_thread_blocked, id=16387, stack(0x00007000028fe000,0x00007000029fe000)]
  0x00007fc01c83e800 JavaThread "Finalizer" daemon [_thread_blocked, id=11523, stack(0x00007000027fb000,0x00007000028fb000)]
  0x00007fc01c83e000 JavaThread "Reference Handler" daemon [_thread_blocked, id=5127, stack(0x00007000026f8000,0x00007000027f8000)]
  0x00007fc01c801000 JavaThread "main" [_thread_blocked, id=7171, stack(0x00007000020e6000,0x00007000021e6000)]

Other Threads:
  0x00007fc01c01c000 VMThread [stack: 0x00007000025f5000,0x00007000026f5000] [id=4103]
  0x00007fc01d813800 WatcherThread [stack: 0x0000700002e0d000,0x0000700002f0d000] [id=18947]

VM state:not at safepoint (normal execution)

VM Mutex/Monitor currently owned by a thread: None

Heap:
 PSYoungGen      total 487936K, used 122659K [0x00000007a0000000, 0x00000007c0000000, 0x00000007c0000000)
  eden space 456704K, 21% used [0x00000007a0000000,0x00000007a5ea6638,0x00000007bbe00000)
  from space 31232K, 82% used [0x00000007bdf80000,0x00000007bf8a2910,0x00000007bfe00000)
  to   space 33792K, 0% used [0x00000007bbe00000,0x00000007bbe00000,0x00000007bdf00000)
 ParOldGen       total 136192K, used 97129K [0x0000000760000000, 0x0000000768500000, 0x00000007a0000000)
  object space 136192K, 71% used [0x0000000760000000,0x0000000765eda630,0x0000000768500000)
 Metaspace       used 101970K, capacity 111980K, committed 112256K, reserved 1146880K
  class space    used 12828K, capacity 14094K, committed 14208K, reserved 1048576K

Card table byte_map: [0x00000001056fc000,0x00000001059fd000] byte_map_base: 0x0000000101bfc000

Marking Bits: (ParMarkBitMap*) 0x000000010508bed0
 Begin Bits: [0x0000000105bfd000, 0x00000001073fd000)
 End Bits:   [0x00000001073fd000, 0x0000000108bfd000)

Polling page: 0x0000000103ffb000

CodeCache: size=245760Kb used=82087Kb max_used=82167Kb free=163672Kb
 bounds [0x00000001102f5000, 0x00000001153d5000, 0x000000011f2f5000]
 total_blobs=22308 nmethods=21457 adapters=763
 compilation: enabled

Compilation events (10 events):
Event: 57139.904 Thread 0x00007fc01c03e000 30276       3       org.gradle.cache.internal.btree.BTreePersistentIndexedCache::doOpen (45 bytes)
Event: 57139.906 Thread 0x00007fc01c03e000 nmethod 30276 0x0000000111986e10 code [0x0000000111986fe0, 0x0000000111987638]
Event: 57140.284 Thread 0x00007fc01c03e000 30277       1       org.gradle.api.tasks.compile.AbstractCompile::getSourceCompatibility (5 bytes)
Event: 57140.284 Thread 0x00007fc01c03e000 nmethod 30277 0x0000000111335350 code [0x00000001113354a0, 0x00000001113355b0]
Event: 57140.753 Thread 0x00007fc01c03e000 30278       3       java.lang.Integer::parseInt (261 bytes)
Event: 57140.758 Thread 0x00007fc01c03e000 nmethod 30278 0x00000001153c3550 code [0x00000001153c3c40, 0x00000001153c8888]
Event: 57141.219 Thread 0x00007fc01c03e000 30279       3       org.jetbrains.kotlin.com.intellij.openapi.util.io.FileUtil::toCanonicalPath (452 bytes)
Event: 57141.223 Thread 0x00007fc01c03e000 nmethod 30279 0x00000001153aac50 code [0x00000001153ab140, 0x00000001153ae658]
Event: 57144.105 Thread 0x00007fc01c03e000 30280       1       java.lang.Character::charValue (5 bytes)
Event: 57144.105 Thread 0x00007fc01c03e000 nmethod 30280 0x00000001152737d0 code [0x0000000115273920, 0x0000000115273a30]

GC Heap History (10 events):
Event: 46065.125 GC heap before
{Heap before GC invocations=60 (full 6):
 PSYoungGen      total 484352K, used 470497K [0x00000007a0000000, 0x00000007c0000000, 0x00000007c0000000)
  eden space 449024K, 100% used [0x00000007a0000000,0x00000007bb680000,0x00000007bb680000)
  from space 35328K, 60% used [0x00000007bb680000,0x00000007bcb787a0,0x00000007bd900000)
  to   space 35840K, 0% used [0x00000007bdd00000,0x00000007bdd00000,0x00000007c0000000)
 ParOldGen       total 136192K, used 97089K [0x0000000760000000, 0x0000000768500000, 0x00000007a0000000)
  object space 136192K, 71% used [0x0000000760000000,0x0000000765ed0630,0x0000000768500000)
 Metaspace       used 85263K, capacity 93268K, committed 93312K, reserved 1130496K
  class space    used 10657K, capacity 11618K, committed 11648K, reserved 1048576K
Event: 46066.269 GC heap after
Heap after GC invocations=60 (full 6):
 PSYoungGen      total 485376K, used 13633K [0x00000007a0000000, 0x00000007bfc80000, 0x00000007c0000000)
  eden space 453120K, 0% used [0x00000007a0000000,0x00000007a0000000,0x00000007bba80000)
  from space 32256K, 42% used [0x00000007bdd00000,0x00000007bea506a0,0x00000007bfc80000)
  to   space 33792K, 0% used [0x00000007bba80000,0x00000007bba80000,0x00000007bdb80000)
 ParOldGen       total 136192K, used 97097K [0x0000000760000000, 0x0000000768500000, 0x00000007a0000000)
  object space 136192K, 71% used [0x0000000760000000,0x0000000765ed2630,0x0000000768500000)
 Metaspace       used 85263K, capacity 93268K, committed 93312K, reserved 1130496K
  class space    used 10657K, capacity 11618K, committed 11648K, reserved 1048576K
}
Event: 46283.125 GC heap before
{Heap before GC invocations=61 (full 6):
 PSYoungGen      total 485376K, used 465842K [0x00000007a0000000, 0x00000007bfc80000, 0x00000007c0000000)
  eden space 453120K, 99% used [0x00000007a0000000,0x00000007bb99c328,0x00000007bba80000)
  from space 32256K, 42% used [0x00000007bdd00000,0x00000007bea506a0,0x00000007bfc80000)
  to   space 33792K, 0% used [0x00000007bba80000,0x00000007bba80000,0x00000007bdb80000)
 ParOldGen       total 136192K, used 97097K [0x0000000760000000, 0x0000000768500000, 0x00000007a0000000)
  object space 136192K, 71% used [0x0000000760000000,0x0000000765ed2630,0x0000000768500000)
 Metaspace       used 85404K, capacity 93496K, committed 93568K, reserved 1130496K
  class space    used 10667K, capacity 11628K, committed 11648K, reserved 1048576K
Event: 46286.683 GC heap after
Heap after GC invocations=61 (full 6):
 PSYoungGen      total 486912K, used 19075K [0x00000007a0000000, 0x00000007c0000000, 0x00000007c0000000)
  eden space 453120K, 0% used [0x00000007a0000000,0x00000007a0000000,0x00000007bba80000)
  from space 33792K, 56% used [0x00000007bba80000,0x00000007bcd20f50,0x00000007bdb80000)
  to   space 33792K, 0% used [0x00000007bdf00000,0x00000007bdf00000,0x00000007c0000000)
 ParOldGen       total 136192K, used 97105K [0x0000000760000000, 0x0000000768500000, 0x00000007a0000000)
  object space 136192K, 71% used [0x0000000760000000,0x0000000765ed4630,0x0000000768500000)
 Metaspace       used 85404K, capacity 93496K, committed 93568K, reserved 1130496K
  class space    used 10667K, capacity 11628K, committed 11648K, reserved 1048576K
}
Event: 47499.263 GC heap before
{Heap before GC invocations=62 (full 6):
 PSYoungGen      total 486912K, used 472195K [0x00000007a0000000, 0x00000007c0000000, 0x00000007c0000000)
  eden space 453120K, 100% used [0x00000007a0000000,0x00000007bba80000,0x00000007bba80000)
  from space 33792K, 56% used [0x00000007bba80000,0x00000007bcd20f50,0x00000007bdb80000)
  to   space 33792K, 0% used [0x00000007bdf00000,0x00000007bdf00000,0x00000007c0000000)
 ParOldGen       total 136192K, used 97105K [0x0000000760000000, 0x0000000768500000, 0x00000007a0000000)
  object space 136192K, 71% used [0x0000000760000000,0x0000000765ed4630,0x0000000768500000)
 Metaspace       used 86008K, capacity 94490K, committed 94720K, reserved 1132544K
  class space    used 10753K, capacity 11717K, committed 11776K, reserved 1048576K
Event: 47500.015 GC heap after
Heap after GC invocations=62 (full 6):
 PSYoungGen      total 488448K, used 18302K [0x00000007a0000000, 0x00000007bfe00000, 0x00000007c0000000)
  eden space 456704K, 0% used [0x00000007a0000000,0x00000007a0000000,0x00000007bbe00000)
  from space 31744K, 57% used [0x00000007bdf00000,0x00000007bf0df8f0,0x00000007bfe00000)
  to   space 32768K, 0% used [0x00000007bbe00000,0x00000007bbe00000,0x00000007bde00000)
 ParOldGen       total 136192K, used 97113K [0x0000000760000000, 0x0000000768500000, 0x00000007a0000000)
  object space 136192K, 71% used [0x0000000760000000,0x0000000765ed6630,0x0000000768500000)
 Metaspace       used 86008K, capacity 94490K, committed 94720K, reserved 1132544K
  class space    used 10753K, capacity 11717K, committed 11776K, reserved 1048576K
}
Event: 55973.336 GC heap before
{Heap before GC invocations=63 (full 6):
 PSYoungGen      total 488448K, used 475006K [0x00000007a0000000, 0x00000007bfe00000, 0x00000007c0000000)
  eden space 456704K, 100% used [0x00000007a0000000,0x00000007bbe00000,0x00000007bbe00000)
  from space 31744K, 57% used [0x00000007bdf00000,0x00000007bf0df8f0,0x00000007bfe00000)
  to   space 32768K, 0% used [0x00000007bbe00000,0x00000007bbe00000,0x00000007bde00000)
 ParOldGen       total 136192K, used 97113K [0x0000000760000000, 0x0000000768500000, 0x00000007a0000000)
  object space 136192K, 71% used [0x0000000760000000,0x0000000765ed6630,0x0000000768500000)
 Metaspace       used 92757K, capacity 101666K, committed 101888K, reserved 1138688K
  class space    used 11622K, capacity 12717K, committed 12800K, reserved 1048576K
Event: 55982.697 GC heap after
Heap after GC invocations=63 (full 6):
 PSYoungGen      total 489472K, used 16583K [0x00000007a0000000, 0x00000007bfe00000, 0x00000007c0000000)
  eden space 456704K, 0% used [0x00000007a0000000,0x00000007a0000000,0x00000007bbe00000)
  from space 32768K, 50% used [0x00000007bbe00000,0x00000007bce31f78,0x00000007bde00000)
  to   space 31232K, 0% used [0x00000007bdf80000,0x00000007bdf80000,0x00000007bfe00000)
 ParOldGen       total 136192K, used 97121K [0x0000000760000000, 0x0000000768500000, 0x00000007a0000000)
  object space 136192K, 71% used [0x0000000760000000,0x0000000765ed8630,0x0000000768500000)
 Metaspace       used 92757K, capacity 101666K, committed 101888K, reserved 1138688K
  class space    used 11622K, capacity 12717K, committed 12800K, reserved 1048576K
}
Event: 57096.319 GC heap before
{Heap before GC invocations=64 (full 6):
 PSYoungGen      total 489472K, used 473287K [0x00000007a0000000, 0x00000007bfe00000, 0x00000007c0000000)
  eden space 456704K, 100% used [0x00000007a0000000,0x00000007bbe00000,0x00000007bbe00000)
  from space 32768K, 50% used [0x00000007bbe00000,0x00000007bce31f78,0x00000007bde00000)
  to   space 31232K, 0% used [0x00000007bdf80000,0x00000007bdf80000,0x00000007bfe00000)
 ParOldGen       total 136192K, used 97121K [0x0000000760000000, 0x0000000768500000, 0x00000007a0000000)
  object space 136192K, 71% used [0x0000000760000000,0x0000000765ed8630,0x0000000768500000)
 Metaspace       used 100688K, capacity 110488K, committed 110720K, reserved 1146880K
  class space    used 12636K, capacity 13900K, committed 13952K, reserved 1048576K
Event: 57108.926 GC heap after
Heap after GC invocations=64 (full 6):
 PSYoungGen      total 487936K, used 25738K [0x00000007a0000000, 0x00000007c0000000, 0x00000007c0000000)
  eden space 456704K, 0% used [0x00000007a0000000,0x00000007a0000000,0x00000007bbe00000)
  from space 31232K, 82% used [0x00000007bdf80000,0x00000007bf8a2910,0x00000007bfe00000)
  to   space 33792K, 0% used [0x00000007bbe00000,0x00000007bbe00000,0x00000007bdf00000)
 ParOldGen       total 136192K, used 97129K [0x0000000760000000, 0x0000000768500000, 0x00000007a0000000)
  object space 136192K, 71% used [0x0000000760000000,0x0000000765eda630,0x0000000768500000)
 Metaspace       used 100688K, capacity 110488K, committed 110720K, reserved 1146880K
  class space    used 12636K, capacity 13900K, committed 13952K, reserved 1048576K
}

Deoptimization events (10 events):
Event: 57095.145 Thread 0x00007fc01d496800 Uncommon trap: reason=class_check action=maybe_recompile pc=0x00000001136ea064 method=java.lang.reflect.Array.newInstance(Ljava/lang/Class;I)Ljava/lang/Object; @ 2
Event: 57109.434 Thread 0x00007fc01dcee800 Uncommon trap: reason=class_check action=maybe_recompile pc=0x0000000111df4550 method=org.gradle.internal.metaobject.BeanDynamicObject$MetaClassAdapter.lookupProperty(Lgroovy/lang/MetaClass;Ljava/lang/String;)Lgroovy/lang/MetaProperty; @ 1
Event: 57109.434 Thread 0x00007fc01dcee800 Uncommon trap: reason=class_check action=maybe_recompile pc=0x000000011060d66c method=sun.reflect.GeneratedMethodAccessor5.invoke(Ljava/lang/Object;[Ljava/lang/Object;)Ljava/lang/Object; @ 13
Event: 57116.752 Thread 0x00007fc01dcee800 Uncommon trap: reason=class_check action=maybe_recompile pc=0x00000001152f01d8 method=com.google.common.collect.AbstractMapBasedMultimap.iteratorOrListIterator(Ljava/util/Collection;)Ljava/util/Iterator; @ 1
Event: 57116.752 Thread 0x00007fc01dcee800 Uncommon trap: reason=class_check action=maybe_recompile pc=0x00000001153054d0 method=com.google.common.collect.AbstractMapBasedMultimap$WrappedCollection.refreshIfEmpty()V @ 40
Event: 57116.752 Thread 0x00007fc01dcee800 Uncommon trap: reason=class_check action=maybe_recompile pc=0x000000011529d904 method=com.google.common.collect.AbstractMapBasedMultimap$WrappedCollection.refreshIfEmpty()V @ 40
Event: 57121.056 Thread 0x00007fc01dcee800 Uncommon trap: reason=predicate action=maybe_recompile pc=0x0000000114d834d8 method=org.gradle.util.CollectionUtils.collect(Ljava/lang/Iterable;Ljava/util/Collection;Lorg/gradle/api/Transformer;)Ljava/util/Collection; @ 16
Event: 57121.309 Thread 0x00007fc01dcee800 Uncommon trap: reason=class_check action=maybe_recompile pc=0x0000000113f2a7c8 method=groovy.lang.MetaClassImpl.invokeMethod(Ljava/lang/Class;Ljava/lang/Object;Ljava/lang/String;[Ljava/lang/Object;ZZ)Ljava/lang/Object; @ 140
Event: 57140.584 Thread 0x00007fc01dcee800 Uncommon trap: reason=unstable_if action=reinterpret pc=0x0000000115140b00 method=java.lang.Integer.parseInt(Ljava/lang/String;I)I @ 1
Event: 57140.584 Thread 0x00007fc01dcee800 Uncommon trap: reason=unstable_if action=reinterpret pc=0x0000000112032478 method=java.lang.Integer.parseInt(Ljava/lang/String;I)I @ 1

Internal exceptions (10 events):
Event: 57116.686 Thread 0x00007fc01dcee800 Exception <a 'sun/nio/fs/UnixException'> (0x00000007a28f7ce0) thrown at [/Volumes/Android_AOSP/AOSP-openjdk/external/jetbrains/jdk/hotspot/src/share/vm/prims/jni.cpp, line 709]
Event: 57116.686 Thread 0x00007fc01dcee800 Exception <a 'sun/nio/fs/UnixException'> (0x00000007a28f90d0) thrown at [/Volumes/Android_AOSP/AOSP-openjdk/external/jetbrains/jdk/hotspot/src/share/vm/prims/jni.cpp, line 709]
Event: 57116.686 Thread 0x00007fc01dcee800 Exception <a 'sun/nio/fs/UnixException'> (0x00000007a28fae38) thrown at [/Volumes/Android_AOSP/AOSP-openjdk/external/jetbrains/jdk/hotspot/src/share/vm/prims/jni.cpp, line 709]
Event: 57116.686 Thread 0x00007fc01dcee800 Exception <a 'sun/nio/fs/UnixException'> (0x00000007a28fc288) thrown at [/Volumes/Android_AOSP/AOSP-openjdk/external/jetbrains/jdk/hotspot/src/share/vm/prims/jni.cpp, line 709]
Event: 57116.686 Thread 0x00007fc01dcee800 Exception <a 'sun/nio/fs/UnixException'> (0x00000007a28fe0b8) thrown at [/Volumes/Android_AOSP/AOSP-openjdk/external/jetbrains/jdk/hotspot/src/share/vm/prims/jni.cpp, line 709]
Event: 57116.686 Thread 0x00007fc01dcee800 Exception <a 'sun/nio/fs/UnixException'> (0x00000007a28ff578) thrown at [/Volumes/Android_AOSP/AOSP-openjdk/external/jetbrains/jdk/hotspot/src/share/vm/prims/jni.cpp, line 709]
Event: 57140.584 Thread 0x00007fc01dcee800 Implicit null exception at 0x00000001151406af to 0x0000000115140af1
Event: 57140.584 Thread 0x00007fc01dcee800 Implicit null exception at 0x0000000112031ecf to 0x0000000112032465
Event: 57156.355 Thread 0x00007fc01dcee800 JVM_StopThread thread JavaThread 0x00007fc01fe1d800 as oop 0x00000007a5d12828 [exception 0x0000700003314368]
Event: 57157.597 Thread 0x00007fc01dcee800 Exception <a 'java/lang/NoSuchFieldError': TCSANOW> (0x00000007a5e4a3e0) thrown at [/Volumes/Android_AOSP/AOSP-openjdk/external/jetbrains/jdk/hotspot/src/share/vm/prims/jni.cpp, line 2955]

Events (10 events):
Event: 57156.881 loading class org/jetbrains/kotlin/cli/common/messages/XmlMessageRenderer
Event: 57156.881 loading class org/jetbrains/kotlin/cli/common/messages/XmlMessageRenderer done
Event: 57156.882 loading class org/jetbrains/kotlin/cli/common/messages/MessageRenderer$1
Event: 57156.882 loading class org/jetbrains/kotlin/cli/common/messages/MessageRenderer$1 done
Event: 57156.882 loading class org/jetbrains/kotlin/cli/common/messages/PlainTextMessageRenderer
Event: 57156.882 loading class org/jetbrains/kotlin/cli/common/messages/PlainTextMessageRenderer done
Event: 57156.884 loading class org/fusesource/jansi/internal/CLibrary
Event: 57156.884 loading class org/fusesource/jansi/internal/CLibrary done
Event: 57156.885 loading class org/jetbrains/kotlin/org/fusesource/hawtjni/runtime/Library
Event: 57156.885 loading class org/jetbrains/kotlin/org/fusesource/hawtjni/runtime/Library done


Dynamic libraries:
0x0000000043508000 	/System/Library/Frameworks/Cocoa.framework/Versions/A/Cocoa
0x0000000043508000 	/System/Library/Frameworks/Security.framework/Versions/A/Security
0x0000000043508000 	/System/Library/Frameworks/ApplicationServices.framework/Versions/A/ApplicationServices
0x0000000043508000 	/usr/lib/libz.1.dylib
0x0000000043508000 	/usr/lib/libSystem.B.dylib
0x0000000043508000 	/usr/lib/libobjc.A.dylib
0x0000000043508000 	/System/Library/Frameworks/Foundation.framework/Versions/C/Foundation
0x0000000043508000 	/System/Library/Frameworks/CoreFoundation.framework/Versions/A/CoreFoundation
0x0000000043508000 	/System/Library/Frameworks/AppKit.framework/Versions/C/AppKit
0x0000000043508000 	/System/Library/Frameworks/CoreData.framework/Versions/A/CoreData
0x0000000043508000 	/System/Library/PrivateFrameworks/RemoteViewServices.framework/Versions/A/RemoteViewServices
0x0000000043508000 	/System/Library/PrivateFrameworks/UIFoundation.framework/Versions/A/UIFoundation
0x0000000043508000 	/System/Library/PrivateFrameworks/DFRFoundation.framework/Versions/A/DFRFoundation
0x0000000043508000 	/usr/lib/libenergytrace.dylib
0x0000000043508000 	/System/Library/PrivateFrameworks/SkyLight.framework/Versions/A/SkyLight
0x0000000043508000 	/System/Library/Frameworks/CoreGraphics.framework/Versions/A/CoreGraphics
0x0000000043508000 	/usr/lib/libScreenReader.dylib
0x0000000043508000 	/System/Library/Frameworks/Accelerate.framework/Versions/A/Accelerate
0x0000000043508000 	/System/Library/Frameworks/IOSurface.framework/Versions/A/IOSurface
0x0000000043508000 	/System/Library/Frameworks/AudioToolbox.framework/Versions/A/AudioToolbox
0x0000000043508000 	/System/Library/Frameworks/AudioUnit.framework/Versions/A/AudioUnit
0x0000000043508000 	/System/Library/PrivateFrameworks/DataDetectorsCore.framework/Versions/A/DataDetectorsCore
0x0000000043508000 	/System/Library/PrivateFrameworks/DesktopServicesPriv.framework/Versions/A/DesktopServicesPriv
0x0000000043508000 	/System/Library/Frameworks/Carbon.framework/Versions/A/Frameworks/HIToolbox.framework/Versions/A/HIToolbox
0x0000000043508000 	/usr/lib/libicucore.A.dylib
0x0000000043508000 	/System/Library/Frameworks/QuartzCore.framework/Versions/A/QuartzCore
0x0000000043508000 	/System/Library/Frameworks/Carbon.framework/Versions/A/Frameworks/SpeechRecognition.framework/Versions/A/SpeechRecognition
0x0000000043508000 	/usr/lib/libauto.dylib
0x0000000043508000 	/usr/lib/libxml2.2.dylib
0x0000000043508000 	/System/Library/PrivateFrameworks/CoreUI.framework/Versions/A/CoreUI
0x0000000043508000 	/System/Library/Frameworks/CoreAudio.framework/Versions/A/CoreAudio
0x0000000043508000 	/System/Library/Frameworks/DiskArbitration.framework/Versions/A/DiskArbitration
0x0000000043508000 	/usr/lib/liblangid.dylib
0x0000000043508000 	/System/Library/PrivateFrameworks/MultitouchSupport.framework/Versions/A/MultitouchSupport
0x0000000043508000 	/System/Library/Frameworks/IOKit.framework/Versions/A/IOKit
0x0000000043508000 	/usr/lib/libDiagnosticMessagesClient.dylib
0x0000000043508000 	/System/Library/Frameworks/CoreServices.framework/Versions/A/CoreServices
0x0000000043508000 	/System/Library/PrivateFrameworks/PerformanceAnalysis.framework/Versions/A/PerformanceAnalysis
0x0000000043508000 	/System/Library/PrivateFrameworks/GenerationalStorage.framework/Versions/A/GenerationalStorage
0x0000000043508000 	/System/Library/Frameworks/OpenGL.framework/Versions/A/OpenGL
0x0000000043508000 	/System/Library/Frameworks/CoreImage.framework/Versions/A/CoreImage
0x0000000043508000 	/System/Library/Frameworks/CoreText.framework/Versions/A/CoreText
0x0000000043508000 	/System/Library/Frameworks/ImageIO.framework/Versions/A/ImageIO
0x0000000043508000 	/System/Library/PrivateFrameworks/Backup.framework/Versions/A/Backup
0x0000000043508000 	/usr/lib/libarchive.2.dylib
0x0000000043508000 	/System/Library/Frameworks/CFNetwork.framework/Versions/A/CFNetwork
0x0000000043508000 	/System/Library/Frameworks/SystemConfiguration.framework/Versions/A/SystemConfiguration
0x0000000043508000 	/usr/lib/libCRFSuite.dylib
0x0000000043508000 	/usr/lib/libc++.1.dylib
0x0000000043508000 	/usr/lib/libc++abi.dylib
0x0000000043508000 	/usr/lib/system/libcache.dylib
0x0000000043508000 	/usr/lib/system/libcommonCrypto.dylib
0x0000000043508000 	/usr/lib/system/libcompiler_rt.dylib
0x0000000043508000 	/usr/lib/system/libcopyfile.dylib
0x0000000043508000 	/usr/lib/system/libcorecrypto.dylib
0x0000000043508000 	/usr/lib/system/libdispatch.dylib
0x0000000043508000 	/usr/lib/system/libdyld.dylib
0x0000000043508000 	/usr/lib/system/libkeymgr.dylib
0x0000000043508000 	/usr/lib/system/liblaunch.dylib
0x0000000043508000 	/usr/lib/system/libmacho.dylib
0x0000000043508000 	/usr/lib/system/libquarantine.dylib
0x0000000043508000 	/usr/lib/system/libremovefile.dylib
0x0000000043508000 	/usr/lib/system/libsystem_asl.dylib
0x0000000043508000 	/usr/lib/system/libsystem_blocks.dylib
0x0000000043508000 	/usr/lib/system/libsystem_c.dylib
0x0000000043508000 	/usr/lib/system/libsystem_configuration.dylib
0x0000000043508000 	/usr/lib/system/libsystem_coreservices.dylib
0x0000000043508000 	/usr/lib/system/libsystem_coretls.dylib
0x0000000043508000 	/usr/lib/system/libsystem_dnssd.dylib
0x0000000043508000 	/usr/lib/system/libsystem_info.dylib
0x0000000043508000 	/usr/lib/system/libsystem_kernel.dylib
0x0000000043508000 	/usr/lib/system/libsystem_m.dylib
0x0000000043508000 	/usr/lib/system/libsystem_malloc.dylib
0x0000000043508000 	/usr/lib/system/libsystem_network.dylib
0x0000000043508000 	/usr/lib/system/libsystem_networkextension.dylib
0x0000000043508000 	/usr/lib/system/libsystem_notify.dylib
0x0000000043508000 	/usr/lib/system/libsystem_platform.dylib
0x0000000043508000 	/usr/lib/system/libsystem_pthread.dylib
0x0000000043508000 	/usr/lib/system/libsystem_sandbox.dylib
0x0000000043508000 	/usr/lib/system/libsystem_secinit.dylib
0x0000000043508000 	/usr/lib/system/libsystem_symptoms.dylib
0x0000000043508000 	/usr/lib/system/libsystem_trace.dylib
0x0000000043508000 	/usr/lib/system/libunwind.dylib
0x0000000043508000 	/usr/lib/system/libxpc.dylib
0x0000000043508000 	/usr/lib/libbsm.0.dylib
0x0000000043508000 	/usr/lib/system/libkxld.dylib
0x0000000043508000 	/usr/lib/libcoretls.dylib
0x0000000043508000 	/usr/lib/libcoretls_cfhelpers.dylib
0x0000000043508000 	/usr/lib/libxar.1.dylib
0x0000000043508000 	/usr/lib/libsqlite3.dylib
0x0000000043508000 	/usr/lib/libpam.2.dylib
0x0000000043508000 	/usr/lib/libOpenScriptingUtil.dylib
0x0000000043508000 	/usr/lib/libbz2.1.0.dylib
0x0000000043508000 	/usr/lib/liblzma.5.dylib
0x0000000043508000 	/usr/lib/libnetwork.dylib
0x0000000043508000 	/usr/lib/libpcap.A.dylib
0x0000000043508000 	/System/Library/Frameworks/CoreServices.framework/Versions/A/Frameworks/FSEvents.framework/Versions/A/FSEvents
0x0000000043508000 	/System/Library/Frameworks/CoreServices.framework/Versions/A/Frameworks/CarbonCore.framework/Versions/A/CarbonCore
0x0000000043508000 	/System/Library/Frameworks/CoreServices.framework/Versions/A/Frameworks/Metadata.framework/Versions/A/Metadata
0x0000000043508000 	/System/Library/Frameworks/CoreServices.framework/Versions/A/Frameworks/OSServices.framework/Versions/A/OSServices
0x0000000043508000 	/System/Library/Frameworks/CoreServices.framework/Versions/A/Frameworks/SearchKit.framework/Versions/A/SearchKit
0x0000000043508000 	/System/Library/Frameworks/CoreServices.framework/Versions/A/Frameworks/AE.framework/Versions/A/AE
0x0000000043508000 	/System/Library/Frameworks/CoreServices.framework/Versions/A/Frameworks/LaunchServices.framework/Versions/A/LaunchServices
0x0000000043508000 	/System/Library/Frameworks/CoreServices.framework/Versions/A/Frameworks/DictionaryServices.framework/Versions/A/DictionaryServices
0x0000000043508000 	/System/Library/Frameworks/CoreServices.framework/Versions/A/Frameworks/SharedFileList.framework/Versions/A/SharedFileList
0x0000000043508000 	/System/Library/Frameworks/NetFS.framework/Versions/A/NetFS
0x0000000043508000 	/System/Library/PrivateFrameworks/NetAuth.framework/Versions/A/NetAuth
0x0000000043508000 	/System/Library/PrivateFrameworks/login.framework/Versions/A/Frameworks/loginsupport.framework/Versions/A/loginsupport
0x0000000043508000 	/System/Library/PrivateFrameworks/TCC.framework/Versions/A/TCC
0x0000000043508000 	/usr/lib/libmecabra.dylib
0x0000000043508000 	/System/Library/Frameworks/ApplicationServices.framework/Versions/A/Frameworks/ATS.framework/Versions/A/ATS
0x0000000043508000 	/System/Library/Frameworks/ApplicationServices.framework/Versions/A/Frameworks/ColorSync.framework/Versions/A/ColorSync
0x0000000043508000 	/System/Library/Frameworks/ApplicationServices.framework/Versions/A/Frameworks/HIServices.framework/Versions/A/HIServices
0x0000000043508000 	/System/Library/Frameworks/ApplicationServices.framework/Versions/A/Frameworks/LangAnalysis.framework/Versions/A/LangAnalysis
0x0000000043508000 	/System/Library/Frameworks/ApplicationServices.framework/Versions/A/Frameworks/PrintCore.framework/Versions/A/PrintCore
0x0000000043508000 	/System/Library/Frameworks/ApplicationServices.framework/Versions/A/Frameworks/QD.framework/Versions/A/QD
0x0000000043508000 	/System/Library/Frameworks/ApplicationServices.framework/Versions/A/Frameworks/SpeechSynthesis.framework/Versions/A/SpeechSynthesis
0x0000000043508000 	/System/Library/Frameworks/Accelerate.framework/Versions/A/Frameworks/vImage.framework/Versions/A/vImage
0x0000000043508000 	/System/Library/Frameworks/Accelerate.framework/Versions/A/Frameworks/vecLib.framework/Versions/A/vecLib
0x0000000043508000 	/System/Library/Frameworks/Accelerate.framework/Versions/A/Frameworks/vecLib.framework/Versions/A/libvDSP.dylib
0x0000000043508000 	/System/Library/Frameworks/Accelerate.framework/Versions/A/Frameworks/vecLib.framework/Versions/A/libBNNS.dylib
0x0000000043508000 	/System/Library/Frameworks/Accelerate.framework/Versions/A/Frameworks/vecLib.framework/Versions/A/libQuadrature.dylib
0x0000000043508000 	/System/Library/Frameworks/Accelerate.framework/Versions/A/Frameworks/vecLib.framework/Versions/A/libvMisc.dylib
0x0000000043508000 	/System/Library/Frameworks/Accelerate.framework/Versions/A/Frameworks/vecLib.framework/Versions/A/libLAPACK.dylib
0x0000000043508000 	/System/Library/Frameworks/Accelerate.framework/Versions/A/Frameworks/vecLib.framework/Versions/A/libBLAS.dylib
0x0000000043508000 	/System/Library/Frameworks/Accelerate.framework/Versions/A/Frameworks/vecLib.framework/Versions/A/libLinearAlgebra.dylib
0x0000000043508000 	/System/Library/Frameworks/Accelerate.framework/Versions/A/Frameworks/vecLib.framework/Versions/A/libSparseBLAS.dylib
0x0000000043508000 	/System/Library/Frameworks/ApplicationServices.framework/Versions/A/Frameworks/ATS.framework/Versions/A/Resources/libFontParser.dylib
0x0000000043508000 	/System/Library/Frameworks/ApplicationServices.framework/Versions/A/Frameworks/ATS.framework/Versions/A/Resources/libFontRegistry.dylib
0x0000000043508000 	/System/Library/Frameworks/ImageIO.framework/Versions/A/Resources/libJPEG.dylib
0x0000000043508000 	/System/Library/Frameworks/ImageIO.framework/Versions/A/Resources/libTIFF.dylib
0x0000000043508000 	/System/Library/Frameworks/ImageIO.framework/Versions/A/Resources/libPng.dylib
0x0000000043508000 	/System/Library/Frameworks/ImageIO.framework/Versions/A/Resources/libGIF.dylib
0x0000000043508000 	/System/Library/Frameworks/ImageIO.framework/Versions/A/Resources/libJP2.dylib
0x0000000043508000 	/System/Library/Frameworks/ImageIO.framework/Versions/A/Resources/libRadiance.dylib
0x0000000043508000 	/usr/lib/libcompression.dylib
0x0000000043508000 	/System/Library/PrivateFrameworks/AppleJPEG.framework/Versions/A/AppleJPEG
0x0000000043508000 	/usr/lib/libcups.2.dylib
0x0000000043508000 	/System/Library/Frameworks/Kerberos.framework/Versions/A/Kerberos
0x0000000043508000 	/System/Library/Frameworks/GSS.framework/Versions/A/GSS
0x0000000043508000 	/usr/lib/libresolv.9.dylib
0x0000000043508000 	/usr/lib/libiconv.2.dylib
0x0000000043508000 	/System/Library/PrivateFrameworks/Heimdal.framework/Versions/A/Heimdal
0x0000000043508000 	/usr/lib/libheimdal-asn1.dylib
0x0000000043508000 	/System/Library/Frameworks/OpenDirectory.framework/Versions/A/OpenDirectory
0x0000000043508000 	/System/Library/PrivateFrameworks/CommonAuth.framework/Versions/A/CommonAuth
0x0000000043508000 	/System/Library/Frameworks/OpenDirectory.framework/Versions/A/Frameworks/CFOpenDirectory.framework/Versions/A/CFOpenDirectory
0x0000000043508000 	/System/Library/Frameworks/SecurityFoundation.framework/Versions/A/SecurityFoundation
0x0000000043508000 	/System/Library/PrivateFrameworks/LanguageModeling.framework/Versions/A/LanguageModeling
0x0000000043508000 	/usr/lib/libmarisa.dylib
0x0000000043508000 	/usr/lib/libChineseTokenizer.dylib
0x0000000043508000 	/usr/lib/libcmph.dylib
0x0000000043508000 	/System/Library/PrivateFrameworks/CoreEmoji.framework/Versions/A/CoreEmoji
0x0000000043508000 	/System/Library/Frameworks/ServiceManagement.framework/Versions/A/ServiceManagement
0x0000000043508000 	/usr/lib/libxslt.1.dylib
0x0000000043508000 	/System/Library/Frameworks/Carbon.framework/Versions/A/Frameworks/Ink.framework/Versions/A/Ink
0x0000000043508000 	/System/Library/PrivateFrameworks/TextureIO.framework/Versions/A/TextureIO
0x0000000043508000 	/System/Library/Frameworks/Metal.framework/Versions/A/Metal
0x0000000043508000 	/usr/lib/libate.dylib
0x0000000043508000 	/System/Library/PrivateFrameworks/GPUCompiler.framework/libmetal_timestamp.dylib
0x0000000043508000 	/System/Library/Frameworks/OpenGL.framework/Versions/A/Libraries/libCoreFSCache.dylib
0x0000000043508000 	/System/Library/PrivateFrameworks/IOAccelerator.framework/Versions/A/IOAccelerator
0x0000000043508000 	/System/Library/Frameworks/CoreVideo.framework/Versions/A/CoreVideo
0x0000000043508000 	/usr/lib/libFosl_dynamic.dylib
0x0000000043508000 	/System/Library/PrivateFrameworks/MetalPerformanceShaders.framework/Versions/A/MetalPerformanceShaders
0x0000000043508000 	/System/Library/PrivateFrameworks/FaceCore.framework/Versions/A/FaceCore
0x0000000043508000 	/System/Library/Frameworks/OpenCL.framework/Versions/A/OpenCL
0x0000000043508000 	/System/Library/Frameworks/OpenGL.framework/Versions/A/Libraries/libGLU.dylib
0x0000000043508000 	/System/Library/Frameworks/OpenGL.framework/Versions/A/Libraries/libGFXShared.dylib
0x0000000043508000 	/System/Library/Frameworks/OpenGL.framework/Versions/A/Libraries/libGL.dylib
0x0000000043508000 	/System/Library/Frameworks/OpenGL.framework/Versions/A/Libraries/libGLImage.dylib
0x0000000043508000 	/System/Library/Frameworks/OpenGL.framework/Versions/A/Libraries/libCVMSPluginSupport.dylib
0x0000000043508000 	/System/Library/Frameworks/OpenGL.framework/Versions/A/Libraries/libCoreVMClient.dylib
0x0000000043508000 	/System/Library/PrivateFrameworks/CrashReporterSupport.framework/Versions/A/CrashReporterSupport
0x0000000043508000 	/System/Library/PrivateFrameworks/Sharing.framework/Versions/A/Sharing
0x0000000043508000 	/System/Library/PrivateFrameworks/IconServices.framework/Versions/A/IconServices
0x0000000043508000 	/System/Library/PrivateFrameworks/ProtocolBuffer.framework/Versions/A/ProtocolBuffer
0x0000000043508000 	/System/Library/PrivateFrameworks/Apple80211.framework/Versions/A/Apple80211
0x0000000043508000 	/System/Library/Frameworks/CoreWLAN.framework/Versions/A/CoreWLAN
0x0000000043508000 	/System/Library/PrivateFrameworks/CoreUtils.framework/Versions/A/CoreUtils
0x0000000043508000 	/System/Library/Frameworks/IOBluetooth.framework/Versions/A/IOBluetooth
0x0000000043508000 	/System/Library/PrivateFrameworks/CoreWiFi.framework/Versions/A/CoreWiFi
0x0000000043508000 	/System/Library/Frameworks/CoreBluetooth.framework/Versions/A/CoreBluetooth
0x0000000043508000 	/System/Library/Frameworks/CoreDisplay.framework/Versions/A/CoreDisplay
0x0000000043508000 	/System/Library/PrivateFrameworks/IOPresentment.framework/Versions/A/IOPresentment
0x0000000043508000 	/System/Library/PrivateFrameworks/DebugSymbols.framework/Versions/A/DebugSymbols
0x0000000043508000 	/System/Library/PrivateFrameworks/CoreSymbolication.framework/Versions/A/CoreSymbolication
0x0000000043508000 	/System/Library/PrivateFrameworks/Symbolication.framework/Versions/A/Symbolication
0x0000000043508000 	/System/Library/PrivateFrameworks/AppleFSCompression.framework/Versions/A/AppleFSCompression
0x0000000043508000 	/System/Library/PrivateFrameworks/SpeechRecognitionCore.framework/Versions/A/SpeechRecognitionCore
0x0000000043508000 	/System/Library/PrivateFrameworks/ChunkingLibrary.framework/Versions/A/ChunkingLibrary
0x0000000104800000 	/Applications/Android Studio.app/Contents/jre/jdk/Contents/Home/jre/lib/server/libjvm.dylib
0x0000000043508000 	/usr/lib/libstdc++.6.dylib
0x0000000103fee000 	/Applications/Android Studio.app/Contents/jre/jdk/Contents/Home/jre/lib/libverify.dylib
0x00000001052f6000 	/Applications/Android Studio.app/Contents/jre/jdk/Contents/Home/jre/lib/libjava.dylib
0x0000000105333000 	/Applications/Android Studio.app/Contents/jre/jdk/Contents/Home/jre/lib/libzip.dylib
0x000000010a9df000 	/System/Library/Frameworks/JavaVM.framework/Frameworks/JavaRuntimeSupport.framework/JavaRuntimeSupport
0x000000010a9f9000 	/System/Library/Frameworks/JavaVM.framework/Versions/A/Frameworks/JavaNativeFoundation.framework/Versions/A/JavaNativeFoundation
0x000000010aa0e000 	/System/Library/Frameworks/JavaVM.framework/Versions/A/JavaVM
0x0000000043508000 	/System/Library/Frameworks/Carbon.framework/Versions/A/Carbon
0x000000010aa1b000 	/System/Library/PrivateFrameworks/JavaLaunching.framework/Versions/A/JavaLaunching
0x0000000043508000 	/System/Library/Frameworks/Carbon.framework/Versions/A/Frameworks/CommonPanels.framework/Versions/A/CommonPanels
0x0000000043508000 	/System/Library/Frameworks/Carbon.framework/Versions/A/Frameworks/Help.framework/Versions/A/Help
0x0000000043508000 	/System/Library/Frameworks/Carbon.framework/Versions/A/Frameworks/ImageCapture.framework/Versions/A/ImageCapture
0x0000000043508000 	/System/Library/Frameworks/Carbon.framework/Versions/A/Frameworks/OpenScripting.framework/Versions/A/OpenScripting
0x0000000043508000 	/System/Library/Frameworks/Carbon.framework/Versions/A/Frameworks/Print.framework/Versions/A/Print
0x0000000043508000 	/System/Library/Frameworks/Carbon.framework/Versions/A/Frameworks/SecurityHI.framework/Versions/A/SecurityHI
0x000000010c9aa000 	/Applications/Android Studio.app/Contents/jre/jdk/Contents/Home/jre/lib/libnet.dylib
0x000000010ca09000 	/Applications/Android Studio.app/Contents/jre/jdk/Contents/Home/jre/lib/libnio.dylib
0x000000010ca19000 	/Users/GhanshamBansal/.gradle/native/23/osx-amd64/libnative-platform.dylib
0x000000010ce69000 	/Applications/Android Studio.app/Contents/jre/jdk/Contents/Home/jre/lib/libmanagement.dylib
0x000000010c7e1000 	/Applications/Android Studio.app/Contents/jre/jdk/Contents/Home/jre/lib/libsunec.dylib
0x000000010cae8000 	/private/var/folders/z3/_pwx1kyn5nv6b4ktjm00w4xr0000gn/T/native-platform924470819109440806dir/libnative-platform.dylib
0x000000010caef000 	/Users/GhanshamBansal/.gradle/native/jansi/1.14/osx/libjansi.jnilib

VM Arguments:
jvm_args: -Xmx1536m -Dfile.encoding=UTF-8 -Duser.country=US -Duser.language=en -Duser.variant 
java_command: org.gradle.launcher.daemon.bootstrap.GradleDaemon 3.3
java_class_path (initial): /Users/GhanshamBansal/.gradle/wrapper/dists/gradle-3.3-all/55gk2rcmfc6p2dg9u9ohc3hw9/gradle-3.3/lib/gradle-launcher-3.3.jar
Launcher Type: SUN_STANDARD

Environment Variables:
PATH=/usr/bin:/bin:/usr/sbin:/sbin
SHELL=/bin/bash

Signal Handlers:
SIGSEGV: [libjvm.dylib+0x57e9cd], sa_mask[0]=11111111011111110111111111111111, sa_flags=SA_ONSTACK|SA_RESTART|SA_SIGINFO
SIGBUS: [libjvm.dylib+0x57e9cd], sa_mask[0]=11111111011111110111111111111111, sa_flags=SA_RESTART|SA_SIGINFO
SIGFPE: [libjvm.dylib+0x45951c], sa_mask[0]=11111111011111110111111111111111, sa_flags=SA_RESTART|SA_SIGINFO
SIGPIPE: [libjvm.dylib+0x45951c], sa_mask[0]=11111111011111110111111111111111, sa_flags=SA_RESTART|SA_SIGINFO
SIGXFSZ: [libjvm.dylib+0x45951c], sa_mask[0]=11111111011111110111111111111111, sa_flags=SA_RESTART|SA_SIGINFO
SIGILL: [libjvm.dylib+0x45951c], sa_mask[0]=11111111011111110111111111111111, sa_flags=SA_RESTART|SA_SIGINFO
SIGUSR1: SIG_DFL, sa_mask[0]=00000000000000000000000000000000, sa_flags=none
SIGUSR2: [libjvm.dylib+0x45903a], sa_mask[0]=00100000000000000000000000000000, sa_flags=SA_RESTART|SA_SIGINFO
SIGHUP: [libjvm.dylib+0x457611], sa_mask[0]=11111111011111110111111111111111, sa_flags=SA_RESTART|SA_SIGINFO
SIGINT: [libjvm.dylib+0x457611], sa_mask[0]=11111111011111110111111111111111, sa_flags=SA_RESTART|SA_SIGINFO
SIGTERM: [libjvm.dylib+0x457611], sa_mask[0]=11111111011111110111111111111111, sa_flags=SA_RESTART|SA_SIGINFO
SIGQUIT: [libjvm.dylib+0x457611], sa_mask[0]=11111111011111110111111111111111, sa_flags=SA_RESTART|SA_SIGINFO


---------------  S Y S T E M  ---------------

OS:Bsduname:Darwin 16.1.0 Darwin Kernel Version 16.1.0: Wed Oct 19 20:31:56 PDT 2016; root:xnu-3789.21.4~4/RELEASE_X86_64 x86_64
rlimit: STACK 8192k, CORE 0k, NPROC 709, NOFILE 10240, AS infinity
load average:1.70 1.88 2.05

CPU:total 4 (2 cores per cpu, 2 threads per core) family 6 model 58 stepping 9, cmov, cx8, fxsr, mmx, sse, sse2, sse3, ssse3, sse4.1, sse4.2, popcnt, avx, aes, clmul, erms, ht, tsc, tscinvbit, tscinv

Memory: 4k page, physical 4194304k(22644k free)

/proc/meminfo:


vm_info: OpenJDK 64-Bit Server VM (25.112-b06) for bsd-amd64 JRE (1.8.0_112-release-b06), built on Dec  6 2016 12:18:58 by "builder" with gcc 4.2.1 (Based on Apple Inc. build 5658) (LLVM build 2336.11.00)

time: Mon Jul 10 12:28:51 2017
elapsed time: 57159 seconds (0d 15h 52m 39s)

